Arguments: 
  /nix/store/2vvdf4irl7l8as8mny4rdk7lj1dv4an9-nodejs-12.18.4/bin/node /home/max/.npm/_npx/17433/bin/yarn

PATH: 
  /home/max/.npm/_npx/17433/bin:/home/max/workspace/zwanzig-grad/node_modules/.bin:/home/max/.nvm/versions/node/v14.15.4/bin:/home/max/go/bin:/usr/local/opt/python/libexec/bin:/home/max/.local/bin:/home/max/.cargo/bin:/usr/local/sbin:/usr/local/bin:/home/max/bin:/run/wrappers/bin:/home/max/.nix-profile/bin:/etc/profiles/per-user/max/bin:/nix/var/nix/profiles/default/bin:/run/current-system/sw/bin:/usr/local/mysql/bin

Yarn version: 
  1.22.10

Node version: 
  12.18.4

Platform: 
  linux x64

Trace: 
  Error: connect ENETUNREACH 104.16.22.35:443
      at TCPConnectWrap.afterConnect [as oncomplete] (net.js:1141:16)

npm manifest: 
  {
    "name": "zwanzig-grad",
    "private": true,
    "description": "",
    "version": "0.1.2",
    "author": "Maximilian Schulke <hello@maximilianschulke.com>",
    "dependencies": {
      "@analytics/google-analytics": "^0.5.2",
      "@contentful/rich-text-react-renderer": "^14.1.1",
      "@contentful/rich-text-types": "^14.1.1",
      "@types/react-slick": "^0.23.4",
      "analytics": "^0.7.4",
      "dotenv": "^8.2.0",
      "gatsby": "3.0.0",
      "gatsby-image": "^2.4.9",
      "gatsby-plugin-alias-imports": "^1.0.5",
      "gatsby-plugin-manifest": "3.0.0",
      "gatsby-plugin-react-helmet": "4.0.0",
      "gatsby-plugin-remove-serviceworker": "^1.0.0",
      "gatsby-plugin-sharp": "^3.0.0",
      "gatsby-plugin-styled-components": "4.0.0",
      "gatsby-source-contentful": "5.0.0",
      "gatsby-transformer-sharp": "^3.0.0",
      "js-cookie": "^2.2.1",
      "polished": "^3.6.5",
      "prop-types": "^15.7.2",
      "react": "^16.12.0",
      "react-content-loader": "^6.0.2",
      "react-dom": "^16.12.0",
      "react-helmet": "^6.1.0",
      "react-is": "^16.12.0",
      "react-lazyload": "3.2.0",
      "styled-components": "^5.1.1",
      "swiper": "^6.1.2",
      "typography": "^0.16.19",
      "typography-theme-github": "^0.16.19"
    },
    "devDependencies": {
      "@types/js-cookie": "^2.2.6",
      "@types/node": "^14.0.26",
      "@types/react": "^16.9.43",
      "@types/react-helmet": "^6.1.0",
      "@types/react-lazyload": "^3.1.0",
      "@types/styled-components": "^5.1.1",
      "@types/typography": "^0.16.3",
      "babel-plugin-styled-components": "1.12.0",
      "typescript": "^3.9.7"
    },
    "license": "MIT",
    "scripts": {
      "build": "gatsby build",
      "dev": "gatsby develop -H 0.0.0.0",
      "serve": "gatsby serve",
      "clean": "gatsby clean"
    },
    "repository": {
      "type": "git",
      "url": "https://github.com/schulke-214/zwanzig-grad"
    },
    "bugs": {
      "url": "https://github.com/schulke-214/zwanzig-grad/issues"
    }
  }

yarn manifest: 
  No manifest

Lockfile: 
  No lockfile
